<?xml version="1.0" encoding="UTF-8"?>
<!-- Generated by org.testng.reporters.JUnitXMLReporter -->
<testsuite ignored="2" hostname="Sibasankar" failures="1" tests="4" name="TestRunner-firefox" time="258.328" errors="0" timestamp="2022-01-22T13:45:31 IST">
  <testcase classname="com.crm.comcast.objectrepositorylib.BaseAnnotationClass" name="@BeforeClass conFigBC" time="133.972">
    <failure type="org.openqa.selenium.TimeoutException" message="No connection could be made because the target machine actively refused it. (os error 10061)
Build info: version: &amp;apos;3.141.59&amp;apos;, revision: &amp;apos;e82be7d358&amp;apos;, time: &amp;apos;2018-11-14T08:17:03&amp;apos;
System info: host: &amp;apos;SIBASANKAR&amp;apos;, ip: &amp;apos;192.168.81.1&amp;apos;, os.name: &amp;apos;Windows 10&amp;apos;, os.arch: &amp;apos;amd64&amp;apos;, os.version: &amp;apos;10.0&amp;apos;, java.version: &amp;apos;17&amp;apos;
Driver info: driver.version: FirefoxDriver
remote stacktrace: ">
      <![CDATA[org.openqa.selenium.TimeoutException: No connection could be made because the target machine actively refused it. (os error 10061)
Build info: version: '3.141.59', revision: 'e82be7d358', time: '2018-11-14T08:17:03'
System info: host: 'SIBASANKAR', ip: '192.168.81.1', os.name: 'Windows 10', os.arch: 'amd64', os.version: '10.0', java.version: '17'
Driver info: driver.version: FirefoxDriver
remote stacktrace: 
at org.openqa.selenium.remote.W3CHandshakeResponse.lambda$errorHandler$0(W3CHandshakeResponse.java:62)
at org.openqa.selenium.remote.HandshakeResponse.lambda$getResponseFunction$0(HandshakeResponse.java:30)
at org.openqa.selenium.remote.ProtocolHandshake.lambda$createSession$0(ProtocolHandshake.java:126)
at java.base/java.util.stream.ReferencePipeline$3$1.accept(ReferencePipeline.java:197)
at java.base/java.util.Spliterators$ArraySpliterator.tryAdvance(Spliterators.java:1002)
at java.base/java.util.stream.ReferencePipeline.forEachWithCancel(ReferencePipeline.java:129)
at java.base/java.util.stream.AbstractPipeline.copyIntoWithCancel(AbstractPipeline.java:527)
at java.base/java.util.stream.AbstractPipeline.copyInto(AbstractPipeline.java:513)
at java.base/java.util.stream.AbstractPipeline.wrapAndCopyInto(AbstractPipeline.java:499)
at java.base/java.util.stream.FindOps$FindOp.evaluateSequential(FindOps.java:150)
at java.base/java.util.stream.AbstractPipeline.evaluate(AbstractPipeline.java:234)
at java.base/java.util.stream.ReferencePipeline.findFirst(ReferencePipeline.java:647)
at org.openqa.selenium.remote.ProtocolHandshake.createSession(ProtocolHandshake.java:128)
at org.openqa.selenium.remote.ProtocolHandshake.createSession(ProtocolHandshake.java:74)
at org.openqa.selenium.remote.HttpCommandExecutor.execute(HttpCommandExecutor.java:136)
at org.openqa.selenium.remote.service.DriverCommandExecutor.execute(DriverCommandExecutor.java:83)
at org.openqa.selenium.remote.RemoteWebDriver.execute(RemoteWebDriver.java:552)
at org.openqa.selenium.remote.RemoteWebDriver.startSession(RemoteWebDriver.java:213)
at org.openqa.selenium.remote.RemoteWebDriver.<init>(RemoteWebDriver.java:131)
at org.openqa.selenium.firefox.FirefoxDriver.<init>(FirefoxDriver.java:147)
at org.openqa.selenium.firefox.FirefoxDriver.<init>(FirefoxDriver.java:125)
at com.crm.comcast.objectrepositorylib.BaseAnnotationClass.conFigBC(BaseAnnotationClass.java:50)
at java.base/java.util.ArrayList.forEach(ArrayList.java:1511)
at java.base/java.util.concurrent.FutureTask.run(FutureTask.java:264)
at java.base/java.util.concurrent.ThreadPoolExecutor.runWorker(ThreadPoolExecutor.java:1136)
at java.base/java.util.concurrent.ThreadPoolExecutor$Worker.run(ThreadPoolExecutor.java:635)
at java.base/java.lang.Thread.run(Thread.java:833)
... Removed 21 stack frames]]>
    </failure>
  </testcase> <!-- @BeforeClass conFigBC -->
  <testcase classname="com.crm.comcast.objectrepositorylib.BaseAnnotationClass" name="@BeforeMethod conFigBM" time="-1.642839207398E9">
    <skipped/>
  </testcase> <!-- @BeforeMethod conFigBM -->
  <testcase classname="com.crm.comcast.objectrepositorylib.BaseAnnotationClass" name="@AfterMethod conFigAM" time="-1.642839207409E9">
    <skipped/>
  </testcase> <!-- @AfterMethod conFigAM -->
  <testcase classname="com.crm.comcast.objectrepositorylib.BaseAnnotationClass" name="@BeforeMethod conFigBM" time="-1.642839207416E9">
    <skipped/>
  </testcase> <!-- @BeforeMethod conFigBM -->
  <testcase classname="com.crm.comcast.objectrepositorylib.BaseAnnotationClass" name="@AfterMethod conFigAM" time="-1.642839207423E9">
    <skipped/>
  </testcase> <!-- @AfterMethod conFigAM -->
  <testcase classname="com.crm.comcast.objectrepositorylib.BaseAnnotationClass" name="@AfterClass conFigAC" time="-1.642839207426E9">
    <skipped/>
  </testcase> <!-- @AfterClass conFigAC -->
  <testcase classname="com.crm.comcast.contactTest.ContactTest" name="CreateOrganizationWithContact" time="0.0">
    <skipped/>
  </testcase> <!-- CreateOrganizationWithContact -->
  <testcase classname="com.crm.comcast.contactTest.ContactTest" name="createcontact" time="0.0">
    <skipped/>
  </testcase> <!-- createcontact -->
  <testcase classname="com.crm.comcast.orgTest.OrganizationTest" name="createOrganization" time="44.601"/>
  <testcase classname="com.crm.comcast.orgTest.OrganizationTest" name="createOrganizationwithIndustryandtype" time="18.44">
    <failure type="java.lang.AssertionError" message="expected [true] but found [false]">
      <![CDATA[java.lang.AssertionError: expected [true] but found [false]
at com.crm.comcast.orgTest.OrganizationTest.createOrganizationwithIndustryandtype(OrganizationTest.java:93)
at java.base/java.util.ArrayList.forEach(ArrayList.java:1511)
at java.base/java.util.concurrent.FutureTask.run(FutureTask.java:264)
at java.base/java.util.concurrent.ThreadPoolExecutor.runWorker(ThreadPoolExecutor.java:1136)
at java.base/java.util.concurrent.ThreadPoolExecutor$Worker.run(ThreadPoolExecutor.java:635)
at java.base/java.lang.Thread.run(Thread.java:833)
... Removed 22 stack frames]]>
    </failure>
  </testcase> <!-- createOrganizationwithIndustryandtype -->
  <testcase classname="com.crm.comcast.objectrepositorylib.BaseAnnotationClass" name="@AfterSuite conFigAS" time="0.0">
    <ignored/>
  </testcase> <!-- @AfterSuite conFigAS -->
  <testcase classname="com.crm.comcast.objectrepositorylib.BaseAnnotationClass" name="@BeforeSuite conFigBS" time="0.0">
    <ignored/>
  </testcase> <!-- @BeforeSuite conFigBS -->
</testsuite> <!-- TestRunner-firefox -->
