<?xml version="1.0" encoding="UTF-8"?>
<!-- Generated by org.testng.reporters.JUnitXMLReporter -->
<testsuite ignored="0" hostname="Sibasankar" failures="0" tests="2" name="TestRunner-2" time="96.398" errors="0" timestamp="2022-01-21T16:06:57 IST">
  <testcase classname="com.crm.comcast.orgTest.OrganizationTest" name="createOrganization" time="34.016"/>
  <testcase classname="com.crm.comcast.orgTest.OrganizationTest" name="createOrganizationwithIndustryandtype" time="24.833"/>
</testsuite> <!-- TestRunner-2 -->
