<?xml version="1.0" encoding="UTF-8"?>
<!-- Generated by org.testng.reporters.JUnitXMLReporter -->
<testsuite ignored="0" hostname="Sibasankar" failures="0" tests="2" name="TestRunner-1" time="106.846" errors="0" timestamp="2022-01-21T16:07:07 IST">
  <testcase classname="com.crm.comcast.contactTest.ContactTest" name="CreateOrganizationWithContact" time="64.314"/>
  <testcase classname="com.crm.comcast.contactTest.ContactTest" name="createcontact" time="13.544"/>
</testsuite> <!-- TestRunner-1 -->
