<?xml version="1.0" encoding="UTF-8"?>
<!-- Generated by org.testng.reporters.JUnitXMLReporter -->
<testsuite ignored="0" hostname="Sibasankar" failures="1" tests="2" name="Test" time="50.171" errors="0" timestamp="2022-01-22T20:56:31 IST">
  <testcase classname="com.crm.comcast.orgTest.OrganizationTest" name="createOrganization" time="15.883"/>
  <testcase classname="com.crm.comcast.orgTest.OrganizationTest" name="createOrganizationwithIndustryandtype" time="11.65">
    <failure type="java.lang.AssertionError" message="expected [true] but found [false]">
      <![CDATA[java.lang.AssertionError: expected [true] but found [false]
at com.crm.comcast.orgTest.OrganizationTest.createOrganizationwithIndustryandtype(OrganizationTest.java:96)
at java.base/java.util.ArrayList.forEach(ArrayList.java:1511)
... Removed 31 stack frames]]>
    </failure>
  </testcase> <!-- createOrganizationwithIndustryandtype -->
</testsuite> <!-- Test -->
