<?xml version="1.0" encoding="UTF-8"?>
<!-- Generated by org.testng.reporters.JUnitXMLReporter -->
<testsuite ignored="4" hostname="Sibasankar" failures="2" tests="2" name="Test(failed)" time="34.855" errors="0" timestamp="2022-01-21T15:51:32 IST">
  <testcase classname="com.crm.comcast.orgTest.OrganizationTest" name="createOrganization" time="3.914">
    <failure type="java.lang.NullPointerException" message="Cannot invoke &amp;quot;org.apache.poi.ss.usermodel.Cell.getStringCellValue()&amp;quot; because &amp;quot;cel&amp;quot; is null">
      <![CDATA[java.lang.NullPointerException: Cannot invoke "org.apache.poi.ss.usermodel.Cell.getStringCellValue()" because "cel" is null
at com.crm.generic.ExcelUtility.getDataFromExcel(ExcelUtility.java:34)
at com.crm.comcast.orgTest.OrganizationTest.createOrganization(OrganizationTest.java:18)
at java.base/java.util.ArrayList.forEach(ArrayList.java:1511)
... Removed 27 stack frames]]>
    </failure>
  </testcase> <!-- createOrganization -->
  <testcase classname="com.crm.comcast.contactTest.ContactTest" name="CreateOrganizationWithContact" time="0.194">
    <failure type="java.lang.NullPointerException" message="Cannot invoke &amp;quot;org.apache.poi.ss.usermodel.Cell.getStringCellValue()&amp;quot; because &amp;quot;cel&amp;quot; is null">
      <![CDATA[java.lang.NullPointerException: Cannot invoke "org.apache.poi.ss.usermodel.Cell.getStringCellValue()" because "cel" is null
at com.crm.generic.ExcelUtility.getDataFromExcel(ExcelUtility.java:34)
at com.crm.comcast.contactTest.ContactTest.CreateOrganizationWithContact(ContactTest.java:59)
at java.base/java.util.ArrayList.forEach(ArrayList.java:1511)
... Removed 27 stack frames]]>
    </failure>
  </testcase> <!-- CreateOrganizationWithContact -->
  <testcase classname="com.crm.comcast.objectrepositorylib.BaseAnnotationClass" name="@AfterSuite conFigAS" time="0.0">
    <ignored/>
  </testcase> <!-- @AfterSuite conFigAS -->
  <testcase classname="com.crm.comcast.orgTest.OrganizationTest" name="createOrganizationwithIndustryandtype" time="0.0">
    <ignored/>
  </testcase> <!-- createOrganizationwithIndustryandtype -->
  <testcase classname="com.crm.comcast.contactTest.ContactTest" name="createcontact" time="0.0">
    <ignored/>
  </testcase> <!-- createcontact -->
  <testcase classname="com.crm.comcast.objectrepositorylib.BaseAnnotationClass" name="@BeforeSuite conFigBS" time="0.0">
    <ignored/>
  </testcase> <!-- @BeforeSuite conFigBS -->
</testsuite> <!-- Test(failed) -->
